2021-06-03 15:51:18.053 [main] INFO  com.EduApplication - Starting EduApplication using Java 1.8.0_131 on GuoSheng-computer with PID 25380 (F:\Java\lean_java\guli_parent\Service\service_edu\target\classes started by GuoSheng in F:\Java\lean_java\guli_parent)
2021-06-03 15:51:18.154 [main] INFO  com.EduApplication - The following profiles are active: dev
2021-06-03 15:51:22.208 [main] INFO  o.s.d.r.config.RepositoryConfigurationDelegate - Multiple Spring Data modules found, entering strict repository configuration mode!
2021-06-03 15:51:22.212 [main] INFO  o.s.d.r.config.RepositoryConfigurationDelegate - Bootstrapping Spring Data Redis repositories in DEFAULT mode.
2021-06-03 15:51:26.835 [main] INFO  o.s.d.r.config.RepositoryConfigurationDelegate - Finished Spring Data repository scanning in 4602 ms. Found 0 Redis repository interfaces.
2021-06-03 15:51:27.639 [main] INFO  o.s.boot.web.embedded.tomcat.TomcatWebServer - Tomcat initialized with port(s): 8899 (http)
2021-06-03 15:51:27.654 [main] INFO  org.apache.coyote.http11.Http11NioProtocol - Initializing ProtocolHandler ["http-nio-8899"]
2021-06-03 15:51:27.655 [main] INFO  org.apache.catalina.core.StandardService - Starting service [Tomcat]
2021-06-03 15:51:27.655 [main] INFO  org.apache.catalina.core.StandardEngine - Starting Servlet engine: [Apache Tomcat/9.0.45]
2021-06-03 15:51:27.808 [main] INFO  o.a.c.core.ContainerBase.[Tomcat].[localhost].[/] - Initializing Spring embedded WebApplicationContext
2021-06-03 15:51:27.811 [main] INFO  o.s.b.w.s.c.ServletWebServerApplicationContext - Root WebApplicationContext: initialization completed in 9490 ms
2021-06-03 15:51:28.168 [main] INFO  com.zaxxer.hikari.HikariDataSource - HikariPool-1 - Starting...
2021-06-03 15:51:28.587 [main] INFO  com.zaxxer.hikari.HikariDataSource - HikariPool-1 - Start completed.
2021-06-03 15:51:29.735 [main] INFO  s.d.s.w.PropertySourcedRequestMappingHandlerMapping - Mapped URL path [/v2/api-docs] onto method [springfox.documentation.swagger2.web.Swagger2Controller#getDocumentation(String, HttpServletRequest)]
2021-06-03 15:51:29.889 [main] INFO  o.s.scheduling.concurrent.ThreadPoolTaskExecutor - Initializing ExecutorService 'applicationTaskExecutor'
2021-06-03 15:51:30.737 [main] INFO  org.apache.coyote.http11.Http11NioProtocol - Starting ProtocolHandler ["http-nio-8899"]
2021-06-03 15:51:30.776 [main] INFO  o.s.boot.web.embedded.tomcat.TomcatWebServer - Tomcat started on port(s): 8899 (http) with context path ''
2021-06-03 15:51:30.778 [main] INFO  s.d.s.web.plugins.DocumentationPluginsBootstrapper - Context refreshed
2021-06-03 15:51:30.812 [main] INFO  s.d.s.web.plugins.DocumentationPluginsBootstrapper - Found 1 custom documentation plugin(s)
2021-06-03 15:51:30.887 [main] INFO  s.d.spring.web.scanners.ApiListingReferenceScanner - Scanning for api listing references
2021-06-03 15:51:31.290 [main] INFO  com.EduApplication - Started EduApplication in 15.015 seconds (JVM running for 19.291)
2021-06-03 15:52:28.903 [http-nio-8899-exec-2] INFO  o.a.c.core.ContainerBase.[Tomcat].[localhost].[/] - Initializing Spring DispatcherServlet 'dispatcherServlet'
2021-06-03 15:52:28.903 [http-nio-8899-exec-2] INFO  org.springframework.web.servlet.DispatcherServlet - Initializing Servlet 'dispatcherServlet'
2021-06-03 15:52:28.905 [http-nio-8899-exec-2] INFO  org.springframework.web.servlet.DispatcherServlet - Completed initialization in 2 ms
2021-06-03 15:56:55.415 [main] INFO  com.EduApplication - Starting EduApplication using Java 1.8.0_131 on GuoSheng-computer with PID 16148 (F:\Java\lean_java\guli_parent\Service\service_edu\target\classes started by GuoSheng in F:\Java\lean_java\guli_parent)
2021-06-03 15:56:55.421 [main] INFO  com.EduApplication - The following profiles are active: dev
2021-06-03 15:56:58.938 [main] INFO  o.s.d.r.config.RepositoryConfigurationDelegate - Multiple Spring Data modules found, entering strict repository configuration mode!
2021-06-03 15:56:58.941 [main] INFO  o.s.d.r.config.RepositoryConfigurationDelegate - Bootstrapping Spring Data Redis repositories in DEFAULT mode.
2021-06-03 15:57:02.805 [main] INFO  o.s.d.r.config.RepositoryConfigurationDelegate - Finished Spring Data repository scanning in 3843 ms. Found 0 Redis repository interfaces.
2021-06-03 15:57:03.862 [main] INFO  o.s.boot.web.embedded.tomcat.TomcatWebServer - Tomcat initialized with port(s): 8899 (http)
2021-06-03 15:57:03.888 [main] INFO  org.apache.coyote.http11.Http11NioProtocol - Initializing ProtocolHandler ["http-nio-8899"]
2021-06-03 15:57:03.890 [main] INFO  org.apache.catalina.core.StandardService - Starting service [Tomcat]
2021-06-03 15:57:03.893 [main] INFO  org.apache.catalina.core.StandardEngine - Starting Servlet engine: [Apache Tomcat/9.0.45]
2021-06-03 15:57:04.105 [main] INFO  o.a.c.core.ContainerBase.[Tomcat].[localhost].[/] - Initializing Spring embedded WebApplicationContext
2021-06-03 15:57:04.105 [main] INFO  o.s.b.w.s.c.ServletWebServerApplicationContext - Root WebApplicationContext: initialization completed in 8503 ms
2021-06-03 15:57:04.428 [main] INFO  com.zaxxer.hikari.HikariDataSource - HikariPool-1 - Starting...
2021-06-03 15:57:04.843 [main] INFO  com.zaxxer.hikari.HikariDataSource - HikariPool-1 - Start completed.
2021-06-03 15:57:05.986 [main] INFO  s.d.s.w.PropertySourcedRequestMappingHandlerMapping - Mapped URL path [/v2/api-docs] onto method [springfox.documentation.swagger2.web.Swagger2Controller#getDocumentation(String, HttpServletRequest)]
2021-06-03 15:57:06.145 [main] INFO  o.s.scheduling.concurrent.ThreadPoolTaskExecutor - Initializing ExecutorService 'applicationTaskExecutor'
2021-06-03 15:57:06.897 [main] INFO  org.apache.coyote.http11.Http11NioProtocol - Starting ProtocolHandler ["http-nio-8899"]
2021-06-03 15:57:06.932 [main] INFO  o.s.boot.web.embedded.tomcat.TomcatWebServer - Tomcat started on port(s): 8899 (http) with context path ''
2021-06-03 15:57:06.935 [main] INFO  s.d.s.web.plugins.DocumentationPluginsBootstrapper - Context refreshed
2021-06-03 15:57:06.958 [main] INFO  s.d.s.web.plugins.DocumentationPluginsBootstrapper - Found 1 custom documentation plugin(s)
2021-06-03 15:57:07.022 [main] INFO  s.d.spring.web.scanners.ApiListingReferenceScanner - Scanning for api listing references
2021-06-03 15:57:07.404 [main] INFO  com.EduApplication - Started EduApplication in 13.739 seconds (JVM running for 18.0)
2021-06-03 15:57:37.965 [http-nio-8899-exec-1] INFO  o.a.c.core.ContainerBase.[Tomcat].[localhost].[/] - Initializing Spring DispatcherServlet 'dispatcherServlet'
2021-06-03 15:57:37.966 [http-nio-8899-exec-1] INFO  org.springframework.web.servlet.DispatcherServlet - Initializing Servlet 'dispatcherServlet'
2021-06-03 15:57:37.968 [http-nio-8899-exec-1] INFO  org.springframework.web.servlet.DispatcherServlet - Completed initialization in 2 ms
2021-06-03 15:59:11.263 [main] INFO  com.EduApplication - Starting EduApplication using Java 1.8.0_131 on GuoSheng-computer with PID 23808 (F:\Java\lean_java\guli_parent\Service\service_edu\target\classes started by GuoSheng in F:\Java\lean_java\guli_parent)
2021-06-03 15:59:11.268 [main] INFO  com.EduApplication - The following profiles are active: dev
2021-06-03 15:59:15.530 [main] INFO  o.s.d.r.config.RepositoryConfigurationDelegate - Multiple Spring Data modules found, entering strict repository configuration mode!
2021-06-03 15:59:15.537 [main] INFO  o.s.d.r.config.RepositoryConfigurationDelegate - Bootstrapping Spring Data Redis repositories in DEFAULT mode.
2021-06-03 15:59:19.961 [main] INFO  o.s.d.r.config.RepositoryConfigurationDelegate - Finished Spring Data repository scanning in 4343 ms. Found 0 Redis repository interfaces.
2021-06-03 15:59:21.018 [main] INFO  o.s.boot.web.embedded.tomcat.TomcatWebServer - Tomcat initialized with port(s): 8899 (http)
2021-06-03 15:59:21.036 [main] INFO  org.apache.coyote.http11.Http11NioProtocol - Initializing ProtocolHandler ["http-nio-8899"]
2021-06-03 15:59:21.038 [main] INFO  org.apache.catalina.core.StandardService - Starting service [Tomcat]
2021-06-03 15:59:21.045 [main] INFO  org.apache.catalina.core.StandardEngine - Starting Servlet engine: [Apache Tomcat/9.0.45]
2021-06-03 15:59:21.245 [main] INFO  o.a.c.core.ContainerBase.[Tomcat].[localhost].[/] - Initializing Spring embedded WebApplicationContext
2021-06-03 15:59:21.246 [main] INFO  o.s.b.w.s.c.ServletWebServerApplicationContext - Root WebApplicationContext: initialization completed in 9718 ms
2021-06-03 15:59:21.640 [main] INFO  com.zaxxer.hikari.HikariDataSource - HikariPool-1 - Starting...
2021-06-03 15:59:22.370 [main] INFO  com.zaxxer.hikari.HikariDataSource - HikariPool-1 - Start completed.
2021-06-03 15:59:24.743 [main] INFO  s.d.s.w.PropertySourcedRequestMappingHandlerMapping - Mapped URL path [/v2/api-docs] onto method [springfox.documentation.swagger2.web.Swagger2Controller#getDocumentation(String, HttpServletRequest)]
2021-06-03 15:59:25.131 [main] INFO  o.s.scheduling.concurrent.ThreadPoolTaskExecutor - Initializing ExecutorService 'applicationTaskExecutor'
2021-06-03 15:59:26.669 [main] INFO  org.apache.coyote.http11.Http11NioProtocol - Starting ProtocolHandler ["http-nio-8899"]
2021-06-03 15:59:26.707 [main] INFO  o.s.boot.web.embedded.tomcat.TomcatWebServer - Tomcat started on port(s): 8899 (http) with context path ''
2021-06-03 15:59:26.709 [main] INFO  s.d.s.web.plugins.DocumentationPluginsBootstrapper - Context refreshed
2021-06-03 15:59:26.762 [main] INFO  s.d.s.web.plugins.DocumentationPluginsBootstrapper - Found 1 custom documentation plugin(s)
2021-06-03 15:59:26.856 [main] INFO  s.d.spring.web.scanners.ApiListingReferenceScanner - Scanning for api listing references
2021-06-03 15:59:27.455 [main] INFO  com.EduApplication - Started EduApplication in 17.894 seconds (JVM running for 22.261)
2021-06-03 16:01:12.843 [http-nio-8899-exec-2] INFO  o.a.c.core.ContainerBase.[Tomcat].[localhost].[/] - Initializing Spring DispatcherServlet 'dispatcherServlet'
2021-06-03 16:01:12.843 [http-nio-8899-exec-2] INFO  org.springframework.web.servlet.DispatcherServlet - Initializing Servlet 'dispatcherServlet'
2021-06-03 16:01:12.845 [http-nio-8899-exec-2] INFO  org.springframework.web.servlet.DispatcherServlet - Completed initialization in 2 ms
2021-06-03 16:10:42.466 [main] INFO  com.EduApplication - Starting EduApplication using Java 1.8.0_131 on GuoSheng-computer with PID 25872 (F:\Java\lean_java\guli_parent\Service\service_edu\target\classes started by GuoSheng in F:\Java\lean_java\guli_parent)
2021-06-03 16:10:42.524 [main] INFO  com.EduApplication - The following profiles are active: dev
2021-06-03 16:10:47.828 [main] INFO  o.s.d.r.config.RepositoryConfigurationDelegate - Multiple Spring Data modules found, entering strict repository configuration mode!
2021-06-03 16:10:47.832 [main] INFO  o.s.d.r.config.RepositoryConfigurationDelegate - Bootstrapping Spring Data Redis repositories in DEFAULT mode.
2021-06-03 16:10:52.529 [main] INFO  o.s.d.r.config.RepositoryConfigurationDelegate - Finished Spring Data repository scanning in 4672 ms. Found 0 Redis repository interfaces.
2021-06-03 16:10:53.440 [main] INFO  o.s.boot.web.embedded.tomcat.TomcatWebServer - Tomcat initialized with port(s): 8899 (http)
2021-06-03 16:10:53.461 [main] INFO  org.apache.coyote.http11.Http11NioProtocol - Initializing ProtocolHandler ["http-nio-8899"]
2021-06-03 16:10:53.462 [main] INFO  org.apache.catalina.core.StandardService - Starting service [Tomcat]
2021-06-03 16:10:53.463 [main] INFO  org.apache.catalina.core.StandardEngine - Starting Servlet engine: [Apache Tomcat/9.0.45]
2021-06-03 16:10:53.651 [main] INFO  o.a.c.core.ContainerBase.[Tomcat].[localhost].[/] - Initializing Spring embedded WebApplicationContext
2021-06-03 16:10:53.652 [main] INFO  o.s.b.w.s.c.ServletWebServerApplicationContext - Root WebApplicationContext: initialization completed in 10867 ms
2021-06-03 16:10:54.109 [main] INFO  com.zaxxer.hikari.HikariDataSource - HikariPool-1 - Starting...
2021-06-03 16:10:54.595 [main] INFO  com.zaxxer.hikari.HikariDataSource - HikariPool-1 - Start completed.
2021-06-03 16:10:56.136 [main] INFO  s.d.s.w.PropertySourcedRequestMappingHandlerMapping - Mapped URL path [/v2/api-docs] onto method [springfox.documentation.swagger2.web.Swagger2Controller#getDocumentation(String, HttpServletRequest)]
2021-06-03 16:10:56.311 [main] INFO  o.s.scheduling.concurrent.ThreadPoolTaskExecutor - Initializing ExecutorService 'applicationTaskExecutor'
2021-06-03 16:10:57.244 [main] INFO  org.apache.coyote.http11.Http11NioProtocol - Starting ProtocolHandler ["http-nio-8899"]
2021-06-03 16:10:57.280 [main] INFO  o.s.boot.web.embedded.tomcat.TomcatWebServer - Tomcat started on port(s): 8899 (http) with context path ''
2021-06-03 16:10:57.282 [main] INFO  s.d.s.web.plugins.DocumentationPluginsBootstrapper - Context refreshed
2021-06-03 16:10:57.321 [main] INFO  s.d.s.web.plugins.DocumentationPluginsBootstrapper - Found 1 custom documentation plugin(s)
2021-06-03 16:10:57.403 [main] INFO  s.d.spring.web.scanners.ApiListingReferenceScanner - Scanning for api listing references
2021-06-03 16:10:57.828 [main] INFO  com.EduApplication - Started EduApplication in 17.28 seconds (JVM running for 23.143)
2021-06-03 16:11:28.340 [http-nio-8899-exec-1] INFO  o.a.c.core.ContainerBase.[Tomcat].[localhost].[/] - Initializing Spring DispatcherServlet 'dispatcherServlet'
2021-06-03 16:11:28.340 [http-nio-8899-exec-1] INFO  org.springframework.web.servlet.DispatcherServlet - Initializing Servlet 'dispatcherServlet'
2021-06-03 16:11:28.342 [http-nio-8899-exec-1] INFO  org.springframework.web.servlet.DispatcherServlet - Completed initialization in 1 ms
2021-06-03 16:23:52.698 [main] INFO  com.EduApplication - Starting EduApplication using Java 1.8.0_131 on GuoSheng-computer with PID 14256 (F:\Java\lean_java\guli_parent\Service\service_edu\target\classes started by GuoSheng in F:\Java\lean_java\guli_parent)
2021-06-03 16:23:52.711 [main] INFO  com.EduApplication - The following profiles are active: dev
2021-06-03 16:23:56.893 [main] INFO  o.s.d.r.config.RepositoryConfigurationDelegate - Multiple Spring Data modules found, entering strict repository configuration mode!
2021-06-03 16:23:56.896 [main] INFO  o.s.d.r.config.RepositoryConfigurationDelegate - Bootstrapping Spring Data Redis repositories in DEFAULT mode.
2021-06-03 16:24:01.766 [main] INFO  o.s.d.r.config.RepositoryConfigurationDelegate - Finished Spring Data repository scanning in 4848 ms. Found 0 Redis repository interfaces.
2021-06-03 16:24:02.673 [main] INFO  o.s.boot.web.embedded.tomcat.TomcatWebServer - Tomcat initialized with port(s): 8899 (http)
2021-06-03 16:24:02.689 [main] INFO  org.apache.coyote.http11.Http11NioProtocol - Initializing ProtocolHandler ["http-nio-8899"]
2021-06-03 16:24:02.690 [main] INFO  org.apache.catalina.core.StandardService - Starting service [Tomcat]
2021-06-03 16:24:02.691 [main] INFO  org.apache.catalina.core.StandardEngine - Starting Servlet engine: [Apache Tomcat/9.0.45]
2021-06-03 16:24:02.859 [main] INFO  o.a.c.core.ContainerBase.[Tomcat].[localhost].[/] - Initializing Spring embedded WebApplicationContext
2021-06-03 16:24:02.861 [main] INFO  o.s.b.w.s.c.ServletWebServerApplicationContext - Root WebApplicationContext: initialization completed in 9741 ms
2021-06-03 16:24:03.199 [main] INFO  com.zaxxer.hikari.HikariDataSource - HikariPool-1 - Starting...
2021-06-03 16:24:03.626 [main] INFO  com.zaxxer.hikari.HikariDataSource - HikariPool-1 - Start completed.
2021-06-03 16:24:04.824 [main] INFO  s.d.s.w.PropertySourcedRequestMappingHandlerMapping - Mapped URL path [/v2/api-docs] onto method [springfox.documentation.swagger2.web.Swagger2Controller#getDocumentation(String, HttpServletRequest)]
2021-06-03 16:24:04.972 [main] INFO  o.s.scheduling.concurrent.ThreadPoolTaskExecutor - Initializing ExecutorService 'applicationTaskExecutor'
2021-06-03 16:24:05.741 [main] INFO  org.apache.coyote.http11.Http11NioProtocol - Starting ProtocolHandler ["http-nio-8899"]
2021-06-03 16:24:05.770 [main] INFO  o.s.boot.web.embedded.tomcat.TomcatWebServer - Tomcat started on port(s): 8899 (http) with context path ''
2021-06-03 16:24:05.772 [main] INFO  s.d.s.web.plugins.DocumentationPluginsBootstrapper - Context refreshed
2021-06-03 16:24:05.800 [main] INFO  s.d.s.web.plugins.DocumentationPluginsBootstrapper - Found 1 custom documentation plugin(s)
2021-06-03 16:24:05.864 [main] INFO  s.d.spring.web.scanners.ApiListingReferenceScanner - Scanning for api listing references
2021-06-03 16:24:06.245 [main] INFO  com.EduApplication - Started EduApplication in 16.092 seconds (JVM running for 20.782)
2021-06-03 16:40:25.137 [http-nio-8899-exec-2] INFO  o.a.c.core.ContainerBase.[Tomcat].[localhost].[/] - Initializing Spring DispatcherServlet 'dispatcherServlet'
2021-06-03 16:40:25.137 [http-nio-8899-exec-2] INFO  org.springframework.web.servlet.DispatcherServlet - Initializing Servlet 'dispatcherServlet'
2021-06-03 16:40:25.140 [http-nio-8899-exec-2] INFO  org.springframework.web.servlet.DispatcherServlet - Completed initialization in 3 ms
2021-06-03 17:03:16.161 [main] INFO  com.EduApplication - Starting EduApplication using Java 1.8.0_131 on GuoSheng-computer with PID 15164 (F:\Java\lean_java\guli_parent\Service\service_edu\target\classes started by GuoSheng in F:\Java\lean_java\guli_parent)
2021-06-03 17:03:16.167 [main] INFO  com.EduApplication - The following profiles are active: dev
2021-06-03 17:03:20.349 [main] INFO  o.s.d.r.config.RepositoryConfigurationDelegate - Multiple Spring Data modules found, entering strict repository configuration mode!
2021-06-03 17:03:20.357 [main] INFO  o.s.d.r.config.RepositoryConfigurationDelegate - Bootstrapping Spring Data Redis repositories in DEFAULT mode.
2021-06-03 17:03:25.165 [main] INFO  o.s.d.r.config.RepositoryConfigurationDelegate - Finished Spring Data repository scanning in 4771 ms. Found 0 Redis repository interfaces.
2021-06-03 17:03:26.045 [main] INFO  o.s.boot.web.embedded.tomcat.TomcatWebServer - Tomcat initialized with port(s): 8899 (http)
2021-06-03 17:03:26.061 [main] INFO  org.apache.coyote.http11.Http11NioProtocol - Initializing ProtocolHandler ["http-nio-8899"]
2021-06-03 17:03:26.062 [main] INFO  org.apache.catalina.core.StandardService - Starting service [Tomcat]
2021-06-03 17:03:26.063 [main] INFO  org.apache.catalina.core.StandardEngine - Starting Servlet engine: [Apache Tomcat/9.0.45]
2021-06-03 17:03:26.228 [main] INFO  o.a.c.core.ContainerBase.[Tomcat].[localhost].[/] - Initializing Spring embedded WebApplicationContext
2021-06-03 17:03:26.229 [main] INFO  o.s.b.w.s.c.ServletWebServerApplicationContext - Root WebApplicationContext: initialization completed in 9832 ms
2021-06-03 17:03:26.634 [main] INFO  com.zaxxer.hikari.HikariDataSource - HikariPool-1 - Starting...
2021-06-03 17:03:27.051 [main] INFO  com.zaxxer.hikari.HikariDataSource - HikariPool-1 - Start completed.
2021-06-03 17:03:28.362 [main] INFO  s.d.s.w.PropertySourcedRequestMappingHandlerMapping - Mapped URL path [/v2/api-docs] onto method [springfox.documentation.swagger2.web.Swagger2Controller#getDocumentation(String, HttpServletRequest)]
2021-06-03 17:03:28.587 [main] INFO  o.s.scheduling.concurrent.ThreadPoolTaskExecutor - Initializing ExecutorService 'applicationTaskExecutor'
2021-06-03 17:03:29.666 [main] INFO  org.apache.coyote.http11.Http11NioProtocol - Starting ProtocolHandler ["http-nio-8899"]
2021-06-03 17:03:29.693 [main] INFO  o.s.boot.web.embedded.tomcat.TomcatWebServer - Tomcat started on port(s): 8899 (http) with context path ''
2021-06-03 17:03:29.698 [main] INFO  s.d.s.web.plugins.DocumentationPluginsBootstrapper - Context refreshed
2021-06-03 17:03:29.725 [main] INFO  s.d.s.web.plugins.DocumentationPluginsBootstrapper - Found 1 custom documentation plugin(s)
2021-06-03 17:03:29.791 [main] INFO  s.d.spring.web.scanners.ApiListingReferenceScanner - Scanning for api listing references
2021-06-03 17:03:30.390 [main] INFO  com.EduApplication - Started EduApplication in 15.908 seconds (JVM running for 21.117)
2021-06-03 17:12:31.080 [http-nio-8899-exec-1] INFO  o.a.c.core.ContainerBase.[Tomcat].[localhost].[/] - Initializing Spring DispatcherServlet 'dispatcherServlet'
2021-06-03 17:12:31.081 [http-nio-8899-exec-1] INFO  org.springframework.web.servlet.DispatcherServlet - Initializing Servlet 'dispatcherServlet'
2021-06-03 17:12:31.083 [http-nio-8899-exec-1] INFO  org.springframework.web.servlet.DispatcherServlet - Completed initialization in 2 ms
2021-06-03 18:36:30.901 [main] INFO  com.EduApplication - Starting EduApplication using Java 1.8.0_131 on GuoSheng-computer with PID 24380 (F:\Java\lean_java\guli_parent\Service\service_edu\target\classes started by GuoSheng in F:\Java\lean_java\guli_parent)
2021-06-03 18:36:30.906 [main] INFO  com.EduApplication - The following profiles are active: dev
2021-06-03 18:36:35.464 [main] INFO  o.s.d.r.config.RepositoryConfigurationDelegate - Multiple Spring Data modules found, entering strict repository configuration mode!
2021-06-03 18:36:35.470 [main] INFO  o.s.d.r.config.RepositoryConfigurationDelegate - Bootstrapping Spring Data Redis repositories in DEFAULT mode.
2021-06-03 18:36:40.499 [main] INFO  o.s.d.r.config.RepositoryConfigurationDelegate - Finished Spring Data repository scanning in 4999 ms. Found 0 Redis repository interfaces.
2021-06-03 18:36:41.348 [main] INFO  o.s.boot.web.embedded.tomcat.TomcatWebServer - Tomcat initialized with port(s): 8899 (http)
2021-06-03 18:36:41.364 [main] INFO  org.apache.coyote.http11.Http11NioProtocol - Initializing ProtocolHandler ["http-nio-8899"]
2021-06-03 18:36:41.367 [main] INFO  org.apache.catalina.core.StandardService - Starting service [Tomcat]
2021-06-03 18:36:41.368 [main] INFO  org.apache.catalina.core.StandardEngine - Starting Servlet engine: [Apache Tomcat/9.0.45]
2021-06-03 18:36:41.556 [main] INFO  o.a.c.core.ContainerBase.[Tomcat].[localhost].[/] - Initializing Spring embedded WebApplicationContext
2021-06-03 18:36:41.556 [main] INFO  o.s.b.w.s.c.ServletWebServerApplicationContext - Root WebApplicationContext: initialization completed in 10451 ms
2021-06-03 18:36:41.976 [main] INFO  com.zaxxer.hikari.HikariDataSource - HikariPool-1 - Starting...
2021-06-03 18:36:42.422 [main] INFO  com.zaxxer.hikari.HikariDataSource - HikariPool-1 - Start completed.
2021-06-03 18:36:43.706 [main] INFO  s.d.s.w.PropertySourcedRequestMappingHandlerMapping - Mapped URL path [/v2/api-docs] onto method [springfox.documentation.swagger2.web.Swagger2Controller#getDocumentation(String, HttpServletRequest)]
2021-06-03 18:36:43.915 [main] INFO  o.s.scheduling.concurrent.ThreadPoolTaskExecutor - Initializing ExecutorService 'applicationTaskExecutor'
2021-06-03 18:36:44.735 [main] INFO  org.apache.coyote.http11.Http11NioProtocol - Starting ProtocolHandler ["http-nio-8899"]
2021-06-03 18:36:44.768 [main] INFO  o.s.boot.web.embedded.tomcat.TomcatWebServer - Tomcat started on port(s): 8899 (http) with context path ''
2021-06-03 18:36:44.770 [main] INFO  s.d.s.web.plugins.DocumentationPluginsBootstrapper - Context refreshed
2021-06-03 18:36:44.796 [main] INFO  s.d.s.web.plugins.DocumentationPluginsBootstrapper - Found 1 custom documentation plugin(s)
2021-06-03 18:36:44.860 [main] INFO  s.d.spring.web.scanners.ApiListingReferenceScanner - Scanning for api listing references
2021-06-03 18:36:45.273 [main] INFO  com.EduApplication - Started EduApplication in 16.691 seconds (JVM running for 22.459)
2021-06-03 18:37:26.276 [http-nio-8899-exec-1] INFO  o.a.c.core.ContainerBase.[Tomcat].[localhost].[/] - Initializing Spring DispatcherServlet 'dispatcherServlet'
2021-06-03 18:37:26.277 [http-nio-8899-exec-1] INFO  org.springframework.web.servlet.DispatcherServlet - Initializing Servlet 'dispatcherServlet'
2021-06-03 18:37:26.280 [http-nio-8899-exec-1] INFO  org.springframework.web.servlet.DispatcherServlet - Completed initialization in 3 ms
2021-06-03 18:44:35.072 [main] INFO  com.EduApplication - Starting EduApplication using Java 1.8.0_131 on GuoSheng-computer with PID 5812 (F:\Java\lean_java\guli_parent\Service\service_edu\target\classes started by GuoSheng in F:\Java\lean_java\guli_parent)
2021-06-03 18:44:35.079 [main] INFO  com.EduApplication - The following profiles are active: dev
2021-06-03 18:44:38.751 [main] INFO  o.s.d.r.config.RepositoryConfigurationDelegate - Multiple Spring Data modules found, entering strict repository configuration mode!
2021-06-03 18:44:38.755 [main] INFO  o.s.d.r.config.RepositoryConfigurationDelegate - Bootstrapping Spring Data Redis repositories in DEFAULT mode.
2021-06-03 18:44:43.807 [main] INFO  o.s.d.r.config.RepositoryConfigurationDelegate - Finished Spring Data repository scanning in 5027 ms. Found 0 Redis repository interfaces.
2021-06-03 18:44:44.853 [main] INFO  o.s.boot.web.embedded.tomcat.TomcatWebServer - Tomcat initialized with port(s): 8899 (http)
2021-06-03 18:44:44.866 [main] INFO  org.apache.coyote.http11.Http11NioProtocol - Initializing ProtocolHandler ["http-nio-8899"]
2021-06-03 18:44:44.867 [main] INFO  org.apache.catalina.core.StandardService - Starting service [Tomcat]
2021-06-03 18:44:44.870 [main] INFO  org.apache.catalina.core.StandardEngine - Starting Servlet engine: [Apache Tomcat/9.0.45]
2021-06-03 18:44:45.035 [main] INFO  o.a.c.core.ContainerBase.[Tomcat].[localhost].[/] - Initializing Spring embedded WebApplicationContext
2021-06-03 18:44:45.035 [main] INFO  o.s.b.w.s.c.ServletWebServerApplicationContext - Root WebApplicationContext: initialization completed in 9799 ms
2021-06-03 18:44:45.378 [main] INFO  com.zaxxer.hikari.HikariDataSource - HikariPool-1 - Starting...
2021-06-03 18:44:45.818 [main] INFO  com.zaxxer.hikari.HikariDataSource - HikariPool-1 - Start completed.
2021-06-03 18:44:47.017 [main] INFO  s.d.s.w.PropertySourcedRequestMappingHandlerMapping - Mapped URL path [/v2/api-docs] onto method [springfox.documentation.swagger2.web.Swagger2Controller#getDocumentation(String, HttpServletRequest)]
2021-06-03 18:44:47.166 [main] INFO  o.s.scheduling.concurrent.ThreadPoolTaskExecutor - Initializing ExecutorService 'applicationTaskExecutor'
2021-06-03 18:44:47.955 [main] INFO  org.apache.coyote.http11.Http11NioProtocol - Starting ProtocolHandler ["http-nio-8899"]
2021-06-03 18:44:47.986 [main] INFO  o.s.boot.web.embedded.tomcat.TomcatWebServer - Tomcat started on port(s): 8899 (http) with context path ''
2021-06-03 18:44:47.991 [main] INFO  s.d.s.web.plugins.DocumentationPluginsBootstrapper - Context refreshed
2021-06-03 18:44:48.018 [main] INFO  s.d.s.web.plugins.DocumentationPluginsBootstrapper - Found 1 custom documentation plugin(s)
2021-06-03 18:44:48.082 [main] INFO  s.d.spring.web.scanners.ApiListingReferenceScanner - Scanning for api listing references
2021-06-03 18:44:48.470 [main] INFO  com.EduApplication - Started EduApplication in 15.276 seconds (JVM running for 19.869)
2021-06-03 18:45:24.213 [http-nio-8899-exec-1] INFO  o.a.c.core.ContainerBase.[Tomcat].[localhost].[/] - Initializing Spring DispatcherServlet 'dispatcherServlet'
2021-06-03 18:45:24.213 [http-nio-8899-exec-1] INFO  org.springframework.web.servlet.DispatcherServlet - Initializing Servlet 'dispatcherServlet'
2021-06-03 18:45:24.217 [http-nio-8899-exec-1] INFO  org.springframework.web.servlet.DispatcherServlet - Completed initialization in 3 ms
2021-06-06 12:37:50.412 [main] INFO  com.EduApplication - The following profiles are active: dev
2021-06-06 12:37:52.346 [main] INFO  o.s.d.r.config.RepositoryConfigurationDelegate - Multiple Spring Data modules found, entering strict repository configuration mode!
2021-06-06 12:37:52.351 [main] INFO  o.s.d.r.config.RepositoryConfigurationDelegate - Bootstrapping Spring Data repositories in DEFAULT mode.
2021-06-06 12:37:59.268 [main] INFO  o.s.d.r.config.RepositoryConfigurationDelegate - Finished Spring Data repository scanning in 6896ms. Found 0 repository interfaces.
2021-06-06 12:37:59.767 [main] INFO  o.springframework.cloud.context.scope.GenericScope - BeanFactory id=555f9340-bf7c-3404-9c90-d16a90449458
2021-06-06 12:38:00.018 [main] INFO  o.s.c.s.PostProcessorRegistrationDelegate$BeanPostProcessorChecker - Bean 'org.springframework.transaction.annotation.ProxyTransactionManagementConfiguration' of type [org.springframework.transaction.annotation.ProxyTransactionManagementConfiguration] is not eligible for getting processed by all BeanPostProcessors (for example: not eligible for auto-proxying)
2021-06-06 12:38:00.136 [main] INFO  o.s.c.s.PostProcessorRegistrationDelegate$BeanPostProcessorChecker - Bean 'org.springframework.cloud.autoconfigure.ConfigurationPropertiesRebinderAutoConfiguration' of type [org.springframework.cloud.autoconfigure.ConfigurationPropertiesRebinderAutoConfiguration] is not eligible for getting processed by all BeanPostProcessors (for example: not eligible for auto-proxying)
2021-06-06 12:38:00.545 [main] INFO  o.s.boot.web.embedded.tomcat.TomcatWebServer - Tomcat initialized with port(s): 8899 (http)
2021-06-06 12:38:00.568 [main] INFO  org.apache.coyote.http11.Http11NioProtocol - Initializing ProtocolHandler ["http-nio-8899"]
2021-06-06 12:38:00.571 [main] INFO  org.apache.catalina.core.StandardService - Starting service [Tomcat]
2021-06-06 12:38:00.572 [main] INFO  org.apache.catalina.core.StandardEngine - Starting Servlet engine: [Apache Tomcat/9.0.27]
2021-06-06 12:38:00.912 [main] INFO  o.a.c.core.ContainerBase.[Tomcat].[localhost].[/] - Initializing Spring embedded WebApplicationContext
2021-06-06 12:38:00.913 [main] INFO  org.springframework.web.context.ContextLoader - Root WebApplicationContext: initialization completed in 10451 ms
2021-06-06 12:38:01.503 [main] INFO  com.zaxxer.hikari.HikariDataSource - HikariPool-1 - Starting...
2021-06-06 12:38:01.844 [main] INFO  com.zaxxer.hikari.HikariDataSource - HikariPool-1 - Start completed.
2021-06-06 12:38:03.375 [main] INFO  s.d.s.w.PropertySourcedRequestMappingHandlerMapping - Mapped URL path [/v2/api-docs] onto method [springfox.documentation.swagger2.web.Swagger2Controller#getDocumentation(String, HttpServletRequest)]
2021-06-06 12:38:03.437 [main] INFO  com.netflix.config.sources.URLConfigurationSource - To enable URLs as dynamic configuration sources, define System property archaius.configurationSource.additionalUrls or make config.properties available on classpath.
2021-06-06 12:38:03.479 [main] INFO  com.netflix.config.sources.URLConfigurationSource - To enable URLs as dynamic configuration sources, define System property archaius.configurationSource.additionalUrls or make config.properties available on classpath.
2021-06-06 12:38:03.918 [main] INFO  o.s.scheduling.concurrent.ThreadPoolTaskExecutor - Initializing ExecutorService 'applicationTaskExecutor'
2021-06-06 12:38:11.042 [main] INFO  org.springframework.cloud.commons.util.InetUtils - Cannot determine local hostname
2021-06-06 12:38:11.158 [main] INFO  o.s.scheduling.concurrent.ThreadPoolTaskScheduler - Initializing ExecutorService
2021-06-06 12:38:17.344 [main] INFO  org.springframework.cloud.commons.util.InetUtils - Cannot determine local hostname
2021-06-06 12:38:23.804 [main] INFO  org.springframework.cloud.commons.util.InetUtils - Cannot determine local hostname
2021-06-06 12:38:23.973 [main] INFO  s.d.s.web.plugins.DocumentationPluginsBootstrapper - Context refreshed
2021-06-06 12:38:24.015 [main] INFO  s.d.s.web.plugins.DocumentationPluginsBootstrapper - Found 1 custom documentation plugin(s)
2021-06-06 12:38:24.084 [main] INFO  s.d.spring.web.scanners.ApiListingReferenceScanner - Scanning for api listing references
2021-06-06 12:38:24.521 [main] INFO  org.apache.coyote.http11.Http11NioProtocol - Starting ProtocolHandler ["http-nio-8899"]
2021-06-06 12:38:24.578 [main] INFO  o.s.boot.web.embedded.tomcat.TomcatWebServer - Tomcat started on port(s): 8899 (http) with context path ''
2021-06-06 12:38:31.726 [main] INFO  org.springframework.cloud.commons.util.InetUtils - Cannot determine local hostname
2021-06-06 12:38:31.728 [main] INFO  com.EduApplication - Started EduApplication in 60.75 seconds (JVM running for 67.324)
2021-06-06 12:41:37.965 [main] INFO  com.EduApplication - The following profiles are active: dev
2021-06-06 12:41:39.375 [main] INFO  o.s.d.r.config.RepositoryConfigurationDelegate - Multiple Spring Data modules found, entering strict repository configuration mode!
2021-06-06 12:41:39.378 [main] INFO  o.s.d.r.config.RepositoryConfigurationDelegate - Bootstrapping Spring Data repositories in DEFAULT mode.
2021-06-06 12:41:46.569 [main] INFO  o.s.d.r.config.RepositoryConfigurationDelegate - Finished Spring Data repository scanning in 7170ms. Found 0 repository interfaces.
2021-06-06 12:41:47.398 [main] INFO  o.springframework.cloud.context.scope.GenericScope - BeanFactory id=555f9340-bf7c-3404-9c90-d16a90449458
2021-06-06 12:41:47.714 [main] INFO  o.s.c.s.PostProcessorRegistrationDelegate$BeanPostProcessorChecker - Bean 'org.springframework.transaction.annotation.ProxyTransactionManagementConfiguration' of type [org.springframework.transaction.annotation.ProxyTransactionManagementConfiguration] is not eligible for getting processed by all BeanPostProcessors (for example: not eligible for auto-proxying)
2021-06-06 12:41:47.815 [main] INFO  o.s.c.s.PostProcessorRegistrationDelegate$BeanPostProcessorChecker - Bean 'org.springframework.cloud.autoconfigure.ConfigurationPropertiesRebinderAutoConfiguration' of type [org.springframework.cloud.autoconfigure.ConfigurationPropertiesRebinderAutoConfiguration] is not eligible for getting processed by all BeanPostProcessors (for example: not eligible for auto-proxying)
2021-06-06 12:41:48.486 [main] INFO  o.s.boot.web.embedded.tomcat.TomcatWebServer - Tomcat initialized with port(s): 8899 (http)
2021-06-06 12:41:48.519 [main] INFO  org.apache.coyote.http11.Http11NioProtocol - Initializing ProtocolHandler ["http-nio-8899"]
2021-06-06 12:41:48.520 [main] INFO  org.apache.catalina.core.StandardService - Starting service [Tomcat]
2021-06-06 12:41:48.521 [main] INFO  org.apache.catalina.core.StandardEngine - Starting Servlet engine: [Apache Tomcat/9.0.27]
2021-06-06 12:41:48.795 [main] INFO  o.a.c.core.ContainerBase.[Tomcat].[localhost].[/] - Initializing Spring embedded WebApplicationContext
2021-06-06 12:41:48.796 [main] INFO  org.springframework.web.context.ContextLoader - Root WebApplicationContext: initialization completed in 10793 ms
2021-06-06 12:41:49.410 [main] INFO  com.zaxxer.hikari.HikariDataSource - HikariPool-1 - Starting...
2021-06-06 12:41:49.698 [main] INFO  com.zaxxer.hikari.HikariDataSource - HikariPool-1 - Start completed.
2021-06-06 12:41:51.089 [main] INFO  s.d.s.w.PropertySourcedRequestMappingHandlerMapping - Mapped URL path [/v2/api-docs] onto method [springfox.documentation.swagger2.web.Swagger2Controller#getDocumentation(String, HttpServletRequest)]
2021-06-06 12:41:51.126 [main] INFO  com.netflix.config.sources.URLConfigurationSource - To enable URLs as dynamic configuration sources, define System property archaius.configurationSource.additionalUrls or make config.properties available on classpath.
2021-06-06 12:41:51.136 [main] INFO  com.netflix.config.sources.URLConfigurationSource - To enable URLs as dynamic configuration sources, define System property archaius.configurationSource.additionalUrls or make config.properties available on classpath.
2021-06-06 12:41:51.339 [main] INFO  o.s.scheduling.concurrent.ThreadPoolTaskExecutor - Initializing ExecutorService 'applicationTaskExecutor'
2021-06-06 12:41:57.345 [main] INFO  org.springframework.cloud.commons.util.InetUtils - Cannot determine local hostname
2021-06-06 12:41:57.431 [main] INFO  o.s.scheduling.concurrent.ThreadPoolTaskScheduler - Initializing ExecutorService
2021-06-06 12:42:02.772 [main] INFO  org.springframework.cloud.commons.util.InetUtils - Cannot determine local hostname
2021-06-06 12:42:08.592 [main] INFO  org.springframework.cloud.commons.util.InetUtils - Cannot determine local hostname
2021-06-06 12:42:08.753 [main] INFO  s.d.s.web.plugins.DocumentationPluginsBootstrapper - Context refreshed
2021-06-06 12:42:08.795 [main] INFO  s.d.s.web.plugins.DocumentationPluginsBootstrapper - Found 1 custom documentation plugin(s)
2021-06-06 12:42:08.908 [main] INFO  s.d.spring.web.scanners.ApiListingReferenceScanner - Scanning for api listing references
2021-06-06 12:42:09.362 [main] INFO  org.apache.coyote.http11.Http11NioProtocol - Starting ProtocolHandler ["http-nio-8899"]
2021-06-06 12:42:09.398 [main] INFO  o.s.boot.web.embedded.tomcat.TomcatWebServer - Tomcat started on port(s): 8899 (http) with context path ''
2021-06-06 12:42:09.609 [main] INFO  o.s.c.alibaba.nacos.registry.NacosServiceRegistry - nacos registry, service-edu 172.17.71.177:8899 register finished
2021-06-06 12:42:16.483 [main] INFO  org.springframework.cloud.commons.util.InetUtils - Cannot determine local hostname
2021-06-06 12:42:16.487 [main] INFO  com.EduApplication - Started EduApplication in 52.783 seconds (JVM running for 57.314)
2021-06-07 13:58:43.884 [main] INFO  com.EduApplication - The following profiles are active: dev
2021-06-07 13:58:46.912 [main] INFO  o.s.d.r.config.RepositoryConfigurationDelegate - Multiple Spring Data modules found, entering strict repository configuration mode!
2021-06-07 13:58:46.915 [main] INFO  o.s.d.r.config.RepositoryConfigurationDelegate - Bootstrapping Spring Data repositories in DEFAULT mode.
2021-06-07 13:58:57.446 [main] INFO  o.s.d.r.config.RepositoryConfigurationDelegate - Finished Spring Data repository scanning in 10508ms. Found 0 repository interfaces.
2021-06-07 13:58:58.348 [main] INFO  o.springframework.cloud.context.scope.GenericScope - BeanFactory id=b2b3d09d-7be2-3473-9e46-868dcd4885c2
2021-06-07 13:58:58.730 [main] INFO  o.s.c.s.PostProcessorRegistrationDelegate$BeanPostProcessorChecker - Bean 'org.springframework.transaction.annotation.ProxyTransactionManagementConfiguration' of type [org.springframework.transaction.annotation.ProxyTransactionManagementConfiguration] is not eligible for getting processed by all BeanPostProcessors (for example: not eligible for auto-proxying)
2021-06-07 13:58:58.838 [main] INFO  o.s.c.s.PostProcessorRegistrationDelegate$BeanPostProcessorChecker - Bean 'org.springframework.cloud.autoconfigure.ConfigurationPropertiesRebinderAutoConfiguration' of type [org.springframework.cloud.autoconfigure.ConfigurationPropertiesRebinderAutoConfiguration] is not eligible for getting processed by all BeanPostProcessors (for example: not eligible for auto-proxying)
2021-06-07 13:58:59.469 [main] INFO  o.s.boot.web.embedded.tomcat.TomcatWebServer - Tomcat initialized with port(s): 8899 (http)
2021-06-07 13:58:59.515 [main] INFO  org.apache.coyote.http11.Http11NioProtocol - Initializing ProtocolHandler ["http-nio-8899"]
2021-06-07 13:58:59.517 [main] INFO  org.apache.catalina.core.StandardService - Starting service [Tomcat]
2021-06-07 13:58:59.523 [main] INFO  org.apache.catalina.core.StandardEngine - Starting Servlet engine: [Apache Tomcat/9.0.27]
2021-06-07 13:58:59.871 [main] INFO  o.a.c.core.ContainerBase.[Tomcat].[localhost].[/] - Initializing Spring embedded WebApplicationContext
2021-06-07 13:58:59.871 [main] INFO  org.springframework.web.context.ContextLoader - Root WebApplicationContext: initialization completed in 15882 ms
2021-06-07 13:59:00.608 [main] INFO  com.zaxxer.hikari.HikariDataSource - HikariPool-1 - Starting...
2021-06-07 13:59:01.231 [main] INFO  com.zaxxer.hikari.HikariDataSource - HikariPool-1 - Start completed.
2021-06-07 13:59:03.764 [main] INFO  s.d.s.w.PropertySourcedRequestMappingHandlerMapping - Mapped URL path [/v2/api-docs] onto method [springfox.documentation.swagger2.web.Swagger2Controller#getDocumentation(String, HttpServletRequest)]
2021-06-07 13:59:03.805 [main] INFO  com.netflix.config.sources.URLConfigurationSource - To enable URLs as dynamic configuration sources, define System property archaius.configurationSource.additionalUrls or make config.properties available on classpath.
2021-06-07 13:59:03.817 [main] INFO  com.netflix.config.sources.URLConfigurationSource - To enable URLs as dynamic configuration sources, define System property archaius.configurationSource.additionalUrls or make config.properties available on classpath.
2021-06-07 13:59:04.063 [main] INFO  o.s.scheduling.concurrent.ThreadPoolTaskExecutor - Initializing ExecutorService 'applicationTaskExecutor'
2021-06-07 13:59:12.206 [main] INFO  org.springframework.cloud.commons.util.InetUtils - Cannot determine local hostname
2021-06-07 13:59:12.303 [main] INFO  o.s.scheduling.concurrent.ThreadPoolTaskScheduler - Initializing ExecutorService
2021-06-07 13:59:20.146 [main] INFO  org.springframework.cloud.commons.util.InetUtils - Cannot determine local hostname
2021-06-07 13:59:27.076 [main] INFO  org.springframework.cloud.commons.util.InetUtils - Cannot determine local hostname
2021-06-07 13:59:27.407 [main] INFO  s.d.s.web.plugins.DocumentationPluginsBootstrapper - Context refreshed
2021-06-07 13:59:27.459 [main] INFO  s.d.s.web.plugins.DocumentationPluginsBootstrapper - Found 1 custom documentation plugin(s)
2021-06-07 13:59:27.554 [main] INFO  s.d.spring.web.scanners.ApiListingReferenceScanner - Scanning for api listing references
2021-06-07 13:59:28.360 [main] INFO  org.apache.coyote.http11.Http11NioProtocol - Starting ProtocolHandler ["http-nio-8899"]
2021-06-07 13:59:28.415 [main] INFO  o.s.boot.web.embedded.tomcat.TomcatWebServer - Tomcat started on port(s): 8899 (http) with context path ''
2021-06-07 13:59:28.452 [main] INFO  o.s.c.alibaba.nacos.registry.NacosServiceRegistry - nacos registry, service-edu 172.17.71.177:8899 register finished
2021-06-07 13:59:35.933 [main] INFO  org.springframework.cloud.commons.util.InetUtils - Cannot determine local hostname
2021-06-07 13:59:35.938 [main] INFO  com.EduApplication - Started EduApplication in 76.557 seconds (JVM running for 85.824)
2021-06-07 14:23:33.205 [http-nio-8899-exec-1] INFO  o.a.c.core.ContainerBase.[Tomcat].[localhost].[/] - Initializing Spring DispatcherServlet 'dispatcherServlet'
2021-06-07 14:23:33.207 [http-nio-8899-exec-1] INFO  org.springframework.web.servlet.DispatcherServlet - Initializing Servlet 'dispatcherServlet'
2021-06-07 14:23:33.242 [http-nio-8899-exec-1] INFO  org.springframework.web.servlet.DispatcherServlet - Completed initialization in 35 ms
2021-06-09 08:07:38.713 [main] INFO  com.EduApplication - The following profiles are active: dev
2021-06-09 08:07:40.512 [main] INFO  o.s.d.r.config.RepositoryConfigurationDelegate - Multiple Spring Data modules found, entering strict repository configuration mode!
2021-06-09 08:07:40.517 [main] INFO  o.s.d.r.config.RepositoryConfigurationDelegate - Bootstrapping Spring Data repositories in DEFAULT mode.
2021-06-09 08:07:47.734 [main] INFO  o.s.d.r.config.RepositoryConfigurationDelegate - Finished Spring Data repository scanning in 7165ms. Found 0 repository interfaces.
2021-06-09 08:07:48.223 [main] INFO  o.springframework.cloud.context.scope.GenericScope - BeanFactory id=ed49f290-2fd5-308a-9acc-4fe957a5d882
2021-06-09 08:07:48.464 [main] INFO  o.s.c.s.PostProcessorRegistrationDelegate$BeanPostProcessorChecker - Bean 'org.springframework.transaction.annotation.ProxyTransactionManagementConfiguration' of type [org.springframework.transaction.annotation.ProxyTransactionManagementConfiguration] is not eligible for getting processed by all BeanPostProcessors (for example: not eligible for auto-proxying)
2021-06-09 08:07:48.551 [main] INFO  o.s.c.s.PostProcessorRegistrationDelegate$BeanPostProcessorChecker - Bean 'redisConfig' of type [com.guo.servicebase.RedisConfig$$EnhancerBySpringCGLIB$$4587102a] is not eligible for getting processed by all BeanPostProcessors (for example: not eligible for auto-proxying)
2021-06-09 08:07:48.627 [main] INFO  o.s.c.s.PostProcessorRegistrationDelegate$BeanPostProcessorChecker - Bean 'org.springframework.cloud.autoconfigure.ConfigurationPropertiesRebinderAutoConfiguration' of type [org.springframework.cloud.autoconfigure.ConfigurationPropertiesRebinderAutoConfiguration] is not eligible for getting processed by all BeanPostProcessors (for example: not eligible for auto-proxying)
2021-06-09 08:07:49.316 [main] INFO  o.s.boot.web.embedded.tomcat.TomcatWebServer - Tomcat initialized with port(s): 8899 (http)
2021-06-09 08:07:49.330 [main] INFO  org.apache.coyote.http11.Http11NioProtocol - Initializing ProtocolHandler ["http-nio-8899"]
2021-06-09 08:07:49.331 [main] INFO  org.apache.catalina.core.StandardService - Starting service [Tomcat]
2021-06-09 08:07:49.332 [main] INFO  org.apache.catalina.core.StandardEngine - Starting Servlet engine: [Apache Tomcat/9.0.27]
2021-06-09 08:07:49.682 [main] INFO  o.a.c.core.ContainerBase.[Tomcat].[localhost].[/] - Initializing Spring embedded WebApplicationContext
2021-06-09 08:07:49.682 [main] INFO  org.springframework.web.context.ContextLoader - Root WebApplicationContext: initialization completed in 10875 ms
2021-06-09 08:07:50.034 [main] INFO  com.zaxxer.hikari.HikariDataSource - HikariPool-1 - Starting...
2021-06-09 08:07:50.349 [main] INFO  com.zaxxer.hikari.HikariDataSource - HikariPool-1 - Start completed.
2021-06-09 08:07:51.944 [main] INFO  s.d.s.w.PropertySourcedRequestMappingHandlerMapping - Mapped URL path [/v2/api-docs] onto method [springfox.documentation.swagger2.web.Swagger2Controller#getDocumentation(String, HttpServletRequest)]
2021-06-09 08:07:51.980 [main] INFO  com.netflix.config.sources.URLConfigurationSource - To enable URLs as dynamic configuration sources, define System property archaius.configurationSource.additionalUrls or make config.properties available on classpath.
2021-06-09 08:07:51.993 [main] INFO  com.netflix.config.sources.URLConfigurationSource - To enable URLs as dynamic configuration sources, define System property archaius.configurationSource.additionalUrls or make config.properties available on classpath.
2021-06-09 08:07:52.184 [main] INFO  o.s.scheduling.concurrent.ThreadPoolTaskExecutor - Initializing ExecutorService 'applicationTaskExecutor'
2021-06-09 08:07:57.483 [main] INFO  org.springframework.cloud.commons.util.InetUtils - Cannot determine local hostname
2021-06-09 08:07:57.601 [main] INFO  o.s.scheduling.concurrent.ThreadPoolTaskScheduler - Initializing ExecutorService
2021-06-09 08:08:02.519 [main] INFO  org.springframework.cloud.commons.util.InetUtils - Cannot determine local hostname
2021-06-09 08:08:07.606 [main] INFO  org.springframework.cloud.commons.util.InetUtils - Cannot determine local hostname
2021-06-09 08:08:07.780 [main] INFO  s.d.s.web.plugins.DocumentationPluginsBootstrapper - Context refreshed
2021-06-09 08:08:07.817 [main] INFO  s.d.s.web.plugins.DocumentationPluginsBootstrapper - Found 1 custom documentation plugin(s)
2021-06-09 08:08:07.892 [main] INFO  s.d.spring.web.scanners.ApiListingReferenceScanner - Scanning for api listing references
2021-06-09 08:08:08.304 [main] INFO  org.apache.coyote.http11.Http11NioProtocol - Starting ProtocolHandler ["http-nio-8899"]
2021-06-09 08:08:08.352 [main] INFO  o.s.boot.web.embedded.tomcat.TomcatWebServer - Tomcat started on port(s): 8899 (http) with context path ''
2021-06-09 08:08:08.380 [main] INFO  o.s.c.alibaba.nacos.registry.NacosServiceRegistry - nacos registry, service-edu 172.17.71.177:8899 register finished
2021-06-09 08:08:13.579 [main] INFO  org.springframework.cloud.commons.util.InetUtils - Cannot determine local hostname
2021-06-09 08:08:13.582 [main] INFO  com.EduApplication - Started EduApplication in 55.223 seconds (JVM running for 63.087)
2021-06-12 18:37:38.817 [main] INFO  com.EduApplication - The following profiles are active: dev
2021-06-12 18:37:41.052 [main] INFO  o.s.d.r.config.RepositoryConfigurationDelegate - Multiple Spring Data modules found, entering strict repository configuration mode!
2021-06-12 18:37:41.059 [main] INFO  o.s.d.r.config.RepositoryConfigurationDelegate - Bootstrapping Spring Data repositories in DEFAULT mode.
2021-06-12 18:37:48.418 [main] INFO  o.s.d.r.config.RepositoryConfigurationDelegate - Finished Spring Data repository scanning in 7340ms. Found 0 repository interfaces.
2021-06-12 18:37:48.837 [main] INFO  o.springframework.cloud.context.scope.GenericScope - BeanFactory id=ed49f290-2fd5-308a-9acc-4fe957a5d882
2021-06-12 18:37:49.033 [main] INFO  o.s.c.s.PostProcessorRegistrationDelegate$BeanPostProcessorChecker - Bean 'org.springframework.transaction.annotation.ProxyTransactionManagementConfiguration' of type [org.springframework.transaction.annotation.ProxyTransactionManagementConfiguration] is not eligible for getting processed by all BeanPostProcessors (for example: not eligible for auto-proxying)
2021-06-12 18:37:49.259 [main] INFO  o.s.c.s.PostProcessorRegistrationDelegate$BeanPostProcessorChecker - Bean 'redisConfig' of type [com.guo.servicebase.RedisConfig$$EnhancerBySpringCGLIB$$360e73dc] is not eligible for getting processed by all BeanPostProcessors (for example: not eligible for auto-proxying)
2021-06-12 18:37:49.362 [main] INFO  o.s.c.s.PostProcessorRegistrationDelegate$BeanPostProcessorChecker - Bean 'org.springframework.cloud.autoconfigure.ConfigurationPropertiesRebinderAutoConfiguration' of type [org.springframework.cloud.autoconfigure.ConfigurationPropertiesRebinderAutoConfiguration] is not eligible for getting processed by all BeanPostProcessors (for example: not eligible for auto-proxying)
2021-06-12 18:37:49.726 [main] INFO  o.s.boot.web.embedded.tomcat.TomcatWebServer - Tomcat initialized with port(s): 8899 (http)
2021-06-12 18:37:49.741 [main] INFO  org.apache.coyote.http11.Http11NioProtocol - Initializing ProtocolHandler ["http-nio-8899"]
2021-06-12 18:37:49.743 [main] INFO  org.apache.catalina.core.StandardService - Starting service [Tomcat]
2021-06-12 18:37:49.743 [main] INFO  org.apache.catalina.core.StandardEngine - Starting Servlet engine: [Apache Tomcat/9.0.27]
2021-06-12 18:37:49.988 [main] INFO  o.a.c.core.ContainerBase.[Tomcat].[localhost].[/] - Initializing Spring embedded WebApplicationContext
2021-06-12 18:37:49.989 [main] INFO  org.springframework.web.context.ContextLoader - Root WebApplicationContext: initialization completed in 11041 ms
2021-06-12 18:37:50.688 [main] INFO  com.zaxxer.hikari.HikariDataSource - HikariPool-1 - Starting...
2021-06-12 18:37:51.066 [main] INFO  com.zaxxer.hikari.HikariDataSource - HikariPool-1 - Start completed.
2021-06-12 18:37:53.328 [main] INFO  s.d.s.w.PropertySourcedRequestMappingHandlerMapping - Mapped URL path [/v2/api-docs] onto method [springfox.documentation.swagger2.web.Swagger2Controller#getDocumentation(String, HttpServletRequest)]
2021-06-12 18:37:53.387 [main] INFO  com.netflix.config.sources.URLConfigurationSource - To enable URLs as dynamic configuration sources, define System property archaius.configurationSource.additionalUrls or make config.properties available on classpath.
2021-06-12 18:37:53.401 [main] INFO  com.netflix.config.sources.URLConfigurationSource - To enable URLs as dynamic configuration sources, define System property archaius.configurationSource.additionalUrls or make config.properties available on classpath.
2021-06-12 18:37:53.691 [main] INFO  o.s.scheduling.concurrent.ThreadPoolTaskExecutor - Initializing ExecutorService 'applicationTaskExecutor'
2021-06-12 18:37:59.205 [main] INFO  org.springframework.cloud.commons.util.InetUtils - Cannot determine local hostname
2021-06-12 18:37:59.268 [main] INFO  o.s.scheduling.concurrent.ThreadPoolTaskScheduler - Initializing ExecutorService
2021-06-12 18:38:04.546 [main] INFO  org.springframework.cloud.commons.util.InetUtils - Cannot determine local hostname
2021-06-12 18:38:12.176 [main] INFO  org.springframework.cloud.commons.util.InetUtils - Cannot determine local hostname
2021-06-12 18:38:12.537 [main] INFO  s.d.s.web.plugins.DocumentationPluginsBootstrapper - Context refreshed
2021-06-12 18:38:12.569 [main] INFO  s.d.s.web.plugins.DocumentationPluginsBootstrapper - Found 1 custom documentation plugin(s)
2021-06-12 18:38:12.642 [main] INFO  s.d.spring.web.scanners.ApiListingReferenceScanner - Scanning for api listing references
2021-06-12 18:38:13.058 [main] INFO  org.apache.coyote.http11.Http11NioProtocol - Starting ProtocolHandler ["http-nio-8899"]
2021-06-12 18:38:13.136 [main] INFO  o.s.boot.web.embedded.tomcat.TomcatWebServer - Tomcat started on port(s): 8899 (http) with context path ''
2021-06-12 18:38:20.378 [main] INFO  org.springframework.cloud.commons.util.InetUtils - Cannot determine local hostname
2021-06-12 18:38:20.381 [main] INFO  com.EduApplication - Started EduApplication in 61.239 seconds (JVM running for 67.86)
2021-06-12 18:40:15.126 [main] INFO  com.EduApplication - The following profiles are active: dev
2021-06-12 18:40:17.154 [main] INFO  o.s.d.r.config.RepositoryConfigurationDelegate - Multiple Spring Data modules found, entering strict repository configuration mode!
2021-06-12 18:40:17.219 [main] INFO  o.s.d.r.config.RepositoryConfigurationDelegate - Bootstrapping Spring Data repositories in DEFAULT mode.
2021-06-12 18:40:22.663 [main] INFO  o.s.d.r.config.RepositoryConfigurationDelegate - Finished Spring Data repository scanning in 5417ms. Found 0 repository interfaces.
2021-06-12 18:40:23.169 [main] INFO  o.springframework.cloud.context.scope.GenericScope - BeanFactory id=ed49f290-2fd5-308a-9acc-4fe957a5d882
2021-06-12 18:40:23.360 [main] INFO  o.s.c.s.PostProcessorRegistrationDelegate$BeanPostProcessorChecker - Bean 'org.springframework.transaction.annotation.ProxyTransactionManagementConfiguration' of type [org.springframework.transaction.annotation.ProxyTransactionManagementConfiguration] is not eligible for getting processed by all BeanPostProcessors (for example: not eligible for auto-proxying)
2021-06-12 18:40:23.423 [main] INFO  o.s.c.s.PostProcessorRegistrationDelegate$BeanPostProcessorChecker - Bean 'redisConfig' of type [com.guo.servicebase.RedisConfig$$EnhancerBySpringCGLIB$$7df50c27] is not eligible for getting processed by all BeanPostProcessors (for example: not eligible for auto-proxying)
2021-06-12 18:40:23.473 [main] INFO  o.s.c.s.PostProcessorRegistrationDelegate$BeanPostProcessorChecker - Bean 'org.springframework.cloud.autoconfigure.ConfigurationPropertiesRebinderAutoConfiguration' of type [org.springframework.cloud.autoconfigure.ConfigurationPropertiesRebinderAutoConfiguration] is not eligible for getting processed by all BeanPostProcessors (for example: not eligible for auto-proxying)
2021-06-12 18:40:23.988 [main] INFO  o.s.boot.web.embedded.tomcat.TomcatWebServer - Tomcat initialized with port(s): 8899 (http)
2021-06-12 18:40:24.016 [main] INFO  org.apache.coyote.http11.Http11NioProtocol - Initializing ProtocolHandler ["http-nio-8899"]
2021-06-12 18:40:24.021 [main] INFO  org.apache.catalina.core.StandardService - Starting service [Tomcat]
2021-06-12 18:40:24.022 [main] INFO  org.apache.catalina.core.StandardEngine - Starting Servlet engine: [Apache Tomcat/9.0.27]
2021-06-12 18:40:24.259 [main] INFO  o.a.c.core.ContainerBase.[Tomcat].[localhost].[/] - Initializing Spring embedded WebApplicationContext
2021-06-12 18:40:24.260 [main] INFO  org.springframework.web.context.ContextLoader - Root WebApplicationContext: initialization completed in 9078 ms
2021-06-12 18:40:25.150 [main] INFO  com.zaxxer.hikari.HikariDataSource - HikariPool-1 - Starting...
2021-06-12 18:40:25.745 [main] INFO  com.zaxxer.hikari.HikariDataSource - HikariPool-1 - Start completed.
2021-06-12 18:40:27.594 [main] INFO  s.d.s.w.PropertySourcedRequestMappingHandlerMapping - Mapped URL path [/v2/api-docs] onto method [springfox.documentation.swagger2.web.Swagger2Controller#getDocumentation(String, HttpServletRequest)]
2021-06-12 18:40:27.638 [main] INFO  com.netflix.config.sources.URLConfigurationSource - To enable URLs as dynamic configuration sources, define System property archaius.configurationSource.additionalUrls or make config.properties available on classpath.
2021-06-12 18:40:27.644 [main] INFO  com.netflix.config.sources.URLConfigurationSource - To enable URLs as dynamic configuration sources, define System property archaius.configurationSource.additionalUrls or make config.properties available on classpath.
2021-06-12 18:40:27.862 [main] INFO  o.s.scheduling.concurrent.ThreadPoolTaskExecutor - Initializing ExecutorService 'applicationTaskExecutor'
2021-06-12 18:40:35.383 [main] INFO  org.springframework.cloud.commons.util.InetUtils - Cannot determine local hostname
2021-06-12 18:40:35.470 [main] INFO  o.s.scheduling.concurrent.ThreadPoolTaskScheduler - Initializing ExecutorService
2021-06-12 18:40:41.744 [main] INFO  org.springframework.cloud.commons.util.InetUtils - Cannot determine local hostname
2021-06-12 18:40:47.548 [main] INFO  org.springframework.cloud.commons.util.InetUtils - Cannot determine local hostname
2021-06-12 18:40:47.967 [main] INFO  s.d.s.web.plugins.DocumentationPluginsBootstrapper - Context refreshed
2021-06-12 18:40:48.074 [main] INFO  s.d.s.web.plugins.DocumentationPluginsBootstrapper - Found 1 custom documentation plugin(s)
2021-06-12 18:40:48.222 [main] INFO  s.d.spring.web.scanners.ApiListingReferenceScanner - Scanning for api listing references
2021-06-12 18:40:48.900 [main] INFO  org.apache.coyote.http11.Http11NioProtocol - Starting ProtocolHandler ["http-nio-8899"]
2021-06-12 18:40:48.943 [main] INFO  o.s.boot.web.embedded.tomcat.TomcatWebServer - Tomcat started on port(s): 8899 (http) with context path ''
2021-06-12 18:40:48.969 [main] INFO  o.s.c.alibaba.nacos.registry.NacosServiceRegistry - nacos registry, service-edu 172.17.71.177:8899 register finished
2021-06-12 18:40:54.163 [main] INFO  org.springframework.cloud.commons.util.InetUtils - Cannot determine local hostname
2021-06-12 18:40:54.168 [main] INFO  com.EduApplication - Started EduApplication in 65.851 seconds (JVM running for 76.317)
