2021-06-13 14:05:34.413 [http-nio-8899-exec-2] INFO  o.a.c.core.ContainerBase.[Tomcat].[localhost].[/] - Initializing Spring DispatcherServlet 'dispatcherServlet'
2021-06-13 14:05:34.443 [http-nio-8899-exec-2] INFO  org.springframework.web.servlet.DispatcherServlet - Initializing Servlet 'dispatcherServlet'
2021-06-13 14:05:34.470 [http-nio-8899-exec-2] INFO  org.springframework.web.servlet.DispatcherServlet - Completed initialization in 27 ms
2021-06-13 14:11:55.735 [main] INFO  com.EduApplication - The following profiles are active: dev
2021-06-13 14:11:57.479 [main] INFO  o.s.d.r.config.RepositoryConfigurationDelegate - Multiple Spring Data modules found, entering strict repository configuration mode!
2021-06-13 14:11:57.483 [main] INFO  o.s.d.r.config.RepositoryConfigurationDelegate - Bootstrapping Spring Data repositories in DEFAULT mode.
2021-06-13 14:12:02.585 [main] INFO  o.s.d.r.config.RepositoryConfigurationDelegate - Finished Spring Data repository scanning in 5085ms. Found 0 repository interfaces.
2021-06-13 14:12:03.058 [main] INFO  o.springframework.cloud.context.scope.GenericScope - BeanFactory id=ed49f290-2fd5-308a-9acc-4fe957a5d882
2021-06-13 14:12:03.221 [main] INFO  o.s.c.s.PostProcessorRegistrationDelegate$BeanPostProcessorChecker - Bean 'org.springframework.transaction.annotation.ProxyTransactionManagementConfiguration' of type [org.springframework.transaction.annotation.ProxyTransactionManagementConfiguration] is not eligible for getting processed by all BeanPostProcessors (for example: not eligible for auto-proxying)
2021-06-13 14:12:03.290 [main] INFO  o.s.c.s.PostProcessorRegistrationDelegate$BeanPostProcessorChecker - Bean 'redisConfig' of type [com.guo.servicebase.RedisConfig$$EnhancerBySpringCGLIB$$971e2637] is not eligible for getting processed by all BeanPostProcessors (for example: not eligible for auto-proxying)
2021-06-13 14:12:03.340 [main] INFO  o.s.c.s.PostProcessorRegistrationDelegate$BeanPostProcessorChecker - Bean 'org.springframework.cloud.autoconfigure.ConfigurationPropertiesRebinderAutoConfiguration' of type [org.springframework.cloud.autoconfigure.ConfigurationPropertiesRebinderAutoConfiguration] is not eligible for getting processed by all BeanPostProcessors (for example: not eligible for auto-proxying)
2021-06-13 14:12:03.901 [main] INFO  o.s.boot.web.embedded.tomcat.TomcatWebServer - Tomcat initialized with port(s): 8899 (http)
2021-06-13 14:12:03.947 [main] INFO  org.apache.coyote.http11.Http11NioProtocol - Initializing ProtocolHandler ["http-nio-8899"]
2021-06-13 14:12:03.948 [main] INFO  org.apache.catalina.core.StandardService - Starting service [Tomcat]
2021-06-13 14:12:03.948 [main] INFO  org.apache.catalina.core.StandardEngine - Starting Servlet engine: [Apache Tomcat/9.0.27]
2021-06-13 14:12:04.272 [main] INFO  o.a.c.core.ContainerBase.[Tomcat].[localhost].[/] - Initializing Spring embedded WebApplicationContext
2021-06-13 14:12:04.273 [main] INFO  org.springframework.web.context.ContextLoader - Root WebApplicationContext: initialization completed in 8506 ms
2021-06-13 14:12:04.901 [main] INFO  com.zaxxer.hikari.HikariDataSource - HikariPool-1 - Starting...
2021-06-13 14:12:05.487 [main] INFO  com.zaxxer.hikari.HikariDataSource - HikariPool-1 - Start completed.
2021-06-13 14:12:07.120 [main] INFO  s.d.s.w.PropertySourcedRequestMappingHandlerMapping - Mapped URL path [/v2/api-docs] onto method [springfox.documentation.swagger2.web.Swagger2Controller#getDocumentation(String, HttpServletRequest)]
2021-06-13 14:12:07.169 [main] INFO  com.netflix.config.sources.URLConfigurationSource - To enable URLs as dynamic configuration sources, define System property archaius.configurationSource.additionalUrls or make config.properties available on classpath.
2021-06-13 14:12:07.183 [main] INFO  com.netflix.config.sources.URLConfigurationSource - To enable URLs as dynamic configuration sources, define System property archaius.configurationSource.additionalUrls or make config.properties available on classpath.
2021-06-13 14:12:07.377 [main] INFO  o.s.scheduling.concurrent.ThreadPoolTaskExecutor - Initializing ExecutorService 'applicationTaskExecutor'
2021-06-13 14:12:12.695 [main] INFO  org.springframework.cloud.commons.util.InetUtils - Cannot determine local hostname
2021-06-13 14:12:12.793 [main] INFO  o.s.scheduling.concurrent.ThreadPoolTaskScheduler - Initializing ExecutorService
2021-06-13 14:12:17.713 [main] INFO  org.springframework.cloud.commons.util.InetUtils - Cannot determine local hostname
2021-06-13 14:12:22.551 [main] INFO  org.springframework.cloud.commons.util.InetUtils - Cannot determine local hostname
2021-06-13 14:12:22.710 [main] INFO  s.d.s.web.plugins.DocumentationPluginsBootstrapper - Context refreshed
2021-06-13 14:12:22.814 [main] INFO  s.d.s.web.plugins.DocumentationPluginsBootstrapper - Found 1 custom documentation plugin(s)
2021-06-13 14:12:22.892 [main] INFO  s.d.spring.web.scanners.ApiListingReferenceScanner - Scanning for api listing references
2021-06-13 14:12:23.300 [main] INFO  org.apache.coyote.http11.Http11NioProtocol - Starting ProtocolHandler ["http-nio-8899"]
2021-06-13 14:12:23.338 [main] INFO  o.s.boot.web.embedded.tomcat.TomcatWebServer - Tomcat started on port(s): 8899 (http) with context path ''
2021-06-13 14:12:23.353 [main] INFO  o.s.c.alibaba.nacos.registry.NacosServiceRegistry - nacos registry, service-edu 172.17.71.177:8899 register finished
2021-06-13 14:12:28.234 [main] INFO  org.springframework.cloud.commons.util.InetUtils - Cannot determine local hostname
2021-06-13 14:12:28.236 [main] INFO  com.EduApplication - Started EduApplication in 46.575 seconds (JVM running for 51.27)
2021-06-13 14:12:58.292 [http-nio-8899-exec-1] INFO  o.a.c.core.ContainerBase.[Tomcat].[localhost].[/] - Initializing Spring DispatcherServlet 'dispatcherServlet'
2021-06-13 14:12:58.292 [http-nio-8899-exec-1] INFO  org.springframework.web.servlet.DispatcherServlet - Initializing Servlet 'dispatcherServlet'
2021-06-13 14:12:58.305 [http-nio-8899-exec-1] INFO  org.springframework.web.servlet.DispatcherServlet - Completed initialization in 12 ms
